2024-01-30 22:51:29 - Agregada tarea con ID: 1706676689517
2024-01-30 22:51:33 - Editada tarea con ID: 1706676689517
2024-01-30 22:51:37 - Marcada como completada tarea con ID: 1706676689517
2024-01-30 22:51:42 - Desmarcada como completada tarea con ID: 1706676689517
2024-01-30 22:51:45 - Eliminada tarea con ID: 1706676689517
2024-01-30 22:56:13 - Agregada tarea con ID: 1706676973260
2024-01-30 22:56:42 - Eliminada tarea con ID: 1706676973260
2024-01-30 22:57:06 - Agregada tarea con ID: 1706677026597
2024-01-30 22:57:08 - Agregada tarea con ID: 1706677028134
2024-01-30 22:57:09 - Agregada tarea con ID: 1706677029573
2024-01-30 22:57:10 - Agregada tarea con ID: 1706677030901
2024-01-30 22:57:12 - Agregada tarea con ID: 1706677032301
2024-01-30 22:57:13 - Agregada tarea con ID: 1706677033608
2024-01-30 22:57:14 - Agregada tarea con ID: 1706677034894
2024-01-30 22:57:21 - Eliminada tarea con ID: 1706677026597
2024-01-30 22:57:21 - Eliminada tarea con ID: 1706677028134
2024-01-30 22:57:21 - Eliminada tarea con ID: 1706677029573
2024-01-30 22:57:21 - Eliminada tarea con ID: 1706677030901
2024-01-30 22:57:21 - Eliminada tarea con ID: 1706677032301
2024-01-30 22:57:22 - Eliminada tarea con ID: 1706677033608
2024-01-30 22:57:22 - Eliminada tarea con ID: 1706677034894
2024-01-30 23:05:20 - Agregada tarea con ID: 1706677520651
2024-01-30 23:05:22 - Agregada tarea con ID: 1706677522373
2024-01-30 23:08:45 - Marcada como completada tarea con ID: 1706677522373
2024-01-30 23:08:46 - Desmarcada como completada tarea con ID: 1706677522373
2024-01-30 23:08:48 - Marcada como completada tarea con ID: 1706677522373
2024-01-30 23:08:54 - Desmarcada como completada tarea con ID: 1706677522373
2024-01-30 23:08:57 - Marcada como completada tarea con ID: 1706677522373
2024-01-30 23:09:00 - Desmarcada como completada tarea con ID: 1706677522373
2024-01-30 23:09:02 - Marcada como completada tarea con ID: 1706677522373
2024-01-30 23:09:04 - Desmarcada como completada tarea con ID: 1706677522373
2024-01-30 23:09:12 - Editada tarea con ID: 1706677522373
2024-01-30 23:10:56 - Marcada como completada tarea con ID: 1706677522373
2024-01-30 23:12:48 - Agregada tarea con ID: 1706677968613
2024-01-30 23:12:51 - Agregada tarea con ID: 1706677971550
2024-01-30 23:12:52 - Marcada como completada tarea con ID: 1706677968613
2024-01-30 23:12:53 - Marcada como completada tarea con ID: 1706677971550
2024-01-30 23:12:58 - Editada tarea con ID: 1706677971550
2024-01-30 23:15:04 - Agregada tarea con ID: 1706678104086
2024-01-30 23:15:05 - Marcada como completada tarea con ID: 1706678104086
2024-01-30 23:15:05 - Desmarcada como completada tarea con ID: 1706678104086
2024-01-30 23:16:46 - Editada tarea con ID: 1706677520651
2024-01-30 23:16:48 - Marcada como completada tarea con ID: 1706677520651
2024-01-30 23:16:50 - Desmarcada como completada tarea con ID: 1706677520651
2024-01-30 23:16:51 - Desmarcada como completada tarea con ID: 1706677522373
2024-01-30 23:16:51 - Desmarcada como completada tarea con ID: 1706677968613
2024-01-30 23:16:52 - Desmarcada como completada tarea con ID: 1706677971550
2024-01-30 23:16:52 - Desmarcada como completada tarea con ID: 1706676015158
2024-01-30 23:16:56 - Eliminada tarea con ID: 1706677522373
